2018-10-06 16:20:21,799 BI_LOG_ERROR ERROR    Script syntax is: python main.py catalog trans RFND3000 report
2018-10-06 16:21:18,929 BI_LOG_ERROR ERROR    number of args is wrong
2018-10-06 16:21:37,151 BI_LOG_ERROR ERROR    number of args is wrong
2018-10-06 16:22:18,553 BI_LOG_ERROR ERROR    number of args is wrong
2018-10-06 16:31:39,565 BI_LOG_ERROR ERROR    Error Occured! 
2018-10-06 16:32:14,582 BI_LOG_ERROR ERROR    Error: 4th param should be report parameters like => '{"param1":"value1","param2":"value2"}' 
2018-10-06 16:32:14,583 BI_LOG_ERROR ERROR    Script syntax is: python main.py report run RFND3000 '{"p1":"S","p2":""}' 
2018-10-06 16:32:54,022 BI_LOG_ERROR ERROR    number of args is wrong
2018-10-06 16:43:03,740 BI_LOG_ERROR ERROR    Error:2nd parameter should be in ["trans"]
2018-10-06 16:43:23,531 BI_LOG_ERROR ERROR    Script syntax is: python main.py catalog trans RFND3000 report
2018-10-06 16:50:09,406 BI_LOG_ERROR ERROR    Error:2nd parameter should be in ["trans"]
2019-11-09 10:45:43,947 BI_LOG_ERROR ERROR    Error Occured! for run report
2019-11-10 16:34:16,106 BI_LOG_ERROR ERROR    None response error 
2019-11-11 10:31:23,424 BI_LOG_ERROR ERROR    None response error 
2019-11-11 10:33:26,969 BI_LOG_ERROR ERROR    Error Occured! for run report
2019-11-11 14:38:34,255 BI_LOG_ERROR ERROR    Error Occured! for run report
2019-11-11 14:39:01,050 BI_LOG_ERROR ERROR    Error Occured! for set params
2019-11-12 09:52:24,433 BI_LOG_ERROR ERROR    parameter names that sent are different...
2019-11-12 09:53:40,188 BI_LOG_ERROR ERROR    parameter names that sent are different...
2019-11-12 09:53:57,141 BI_LOG_ERROR ERROR    parameter names that sent are different...
2019-11-12 09:54:57,163 BI_LOG_ERROR ERROR    parameter names that sent are different...
2019-11-12 09:55:30,716 BI_LOG_ERROR ERROR    parameter names that sent are different...
2019-11-12 09:55:30,716 BI_LOG_ERROR ERROR    parameter names that sent are different...check param failed
2019-11-12 10:33:09,114 BI_LOG_ERROR ERROR    Error Occured! for check params
2019-11-12 10:33:09,114 BI_LOG_ERROR ERROR    Error Occured! for check paramscheck param failed
2019-11-12 10:34:12,487 BI_LOG_ERROR ERROR    Error Occured! for check params
2019-11-12 10:34:12,487 BI_LOG_ERROR ERROR    Error Occured! for check paramscheck param failed
2019-11-12 10:34:51,171 BI_LOG_ERROR ERROR    Error Occured! for check params
2019-11-12 10:34:51,171 BI_LOG_ERROR ERROR    Error Occured! for check paramscheck param failed
2019-11-12 10:35:45,559 BI_LOG_ERROR ERROR    Error Occured! for check params
2019-11-12 10:35:45,559 BI_LOG_ERROR ERROR    Error Occured! for check paramscheck param failed
2019-11-12 10:36:33,706 BI_LOG_ERROR ERROR    Error Occured! for run report
2019-11-12 10:36:33,707 BI_LOG_ERROR ERROR    Error Occured! for run report
2019-11-12 10:59:36,485 BI_LOG_ERROR ERROR    Error Occured! for schedule report
2019-11-12 10:59:36,485 BI_LOG_ERROR ERROR    Error Occured! for schedule report
2019-11-12 10:59:58,413 BI_LOG_ERROR ERROR    Error Occured! for schedule report
2019-11-12 10:59:58,413 BI_LOG_ERROR ERROR    Error Occured! for schedule report
2019-11-12 11:00:21,426 BI_LOG_ERROR ERROR    Error Occured! for schedule report
2019-11-12 11:00:21,426 BI_LOG_ERROR ERROR    Error Occured! for schedule report
2019-11-12 11:16:33,945 BI_LOG_ERROR ERROR    Error Occured! for check params
2019-11-12 11:16:33,945 BI_LOG_ERROR ERROR    initial report failedError Occured! for check params
2019-11-12 11:17:03,559 BI_LOG_ERROR ERROR    Error Occured! for schedule report
2019-11-12 11:17:03,559 BI_LOG_ERROR ERROR    Error Occured! for schedule report
2019-11-12 11:37:43,000 BI_LOG_ERROR ERROR    Error Occured! for schedule history report
2019-11-12 11:37:43,000 BI_LOG_ERROR ERROR    Error Occured! for schedule history report
2019-11-12 11:38:00,970 BI_LOG_ERROR ERROR    Error Occured! for schedule history report
2019-11-12 11:38:00,970 BI_LOG_ERROR ERROR    Error Occured! for schedule history report
2019-11-12 13:52:53,153 BI_LOG_ERROR ERROR    parameter names that sent are different...
2019-11-12 13:56:48,244 BI_LOG_ERROR ERROR    Error Occured! for schedule report
2019-11-12 13:57:32,838 BI_LOG_ERROR ERROR    parameter names that sent are different...
